This is pdfTeX, Version 3.1415926-1.40.10 (TeX Live 2009/Debian) (format=latex 2012.4.28)  3 JUN 2012 09:15
entering extended mode
 %&-line parsing enabled.
**manual.tex
(./manual.tex
LaTeX2e <2009/09/24>
Babel <v3.8l> and hyphenation patterns for english, usenglishmax, dumylang, noh
yphenation, farsi, arabic, croatian, bulgarian, ukrainian, russian, czech, slov
ak, danish, dutch, finnish, french, basque, ngerman, german, german-x-2009-06-1
9, ngerman-x-2009-06-19, ibycus, monogreek, greek, ancientgreek, hungarian, san
skrit, italian, latin, latvian, lithuanian, mongolian2a, mongolian, bokmal, nyn
orsk, romanian, irish, coptic, serbian, turkish, welsh, esperanto, uppersorbian
, estonian, indonesian, interlingua, icelandic, kurmanji, slovenian, polish, po
rtuguese, spanish, galician, catalan, swedish, ukenglish, pinyin, loaded.
(/usr/share/texmf-texlive/tex/latex/base/report.cls
Document Class: report 2007/10/19 v1.4h Standard LaTeX document class
(/usr/share/texmf-texlive/tex/latex/base/size10.clo
File: size10.clo 2007/10/19 v1.4h Standard LaTeX file (size option)
)
\c@part=\count79
\c@chapter=\count80
\c@section=\count81
\c@subsection=\count82
\c@subsubsection=\count83
\c@paragraph=\count84
\c@subparagraph=\count85
\c@figure=\count86
\c@table=\count87
\abovecaptionskip=\skip41
\belowcaptionskip=\skip42
\bibindent=\dimen102
)
(/usr/share/texmf-texlive/tex/latex/base/fontenc.sty
Package: fontenc 2005/09/27 v1.99g Standard LaTeX package

(/usr/share/texmf-texlive/tex/latex/base/t1enc.def
File: t1enc.def 2005/09/27 v1.99g Standard LaTeX file
LaTeX Font Info:    Redeclaring font encoding T1 on input line 43.
))
(/usr/share/texmf-texlive/tex/latex/bera/beramono.sty
Package: beramono 2004/01/31 (WaS)

(/usr/share/texmf-texlive/tex/latex/graphics/keyval.sty
Package: keyval 1999/03/16 v1.13 key=value parser (DPC)
\KV@toks@=\toks14
))
(/usr/share/texmf-texlive/tex/latex/listings/listings.sty
\lst@mode=\count88
\lst@gtempboxa=\box26
\lst@token=\toks15
\lst@length=\count89
\lst@currlwidth=\dimen103
\lst@column=\count90
\lst@pos=\count91
\lst@lostspace=\dimen104
\lst@width=\dimen105
\lst@newlines=\count92
\lst@lineno=\count93
\lst@maxwidth=\dimen106

(/usr/share/texmf-texlive/tex/latex/listings/lstmisc.sty
File: lstmisc.sty 2007/02/22 1.4 (Carsten Heinz)
\c@lstnumber=\count94
\lst@skipnumbers=\count95
\lst@framebox=\box27
)
(/usr/share/texmf-texlive/tex/latex/listings/listings.cfg
File: listings.cfg 2007/02/22 1.4 listings configuration
))
Package: listings 2007/02/22 1.4 (Carsten Heinz)

(/usr/share/texmf-texlive/tex/latex/geometry/geometry.sty
Package: geometry 2008/12/21 v4.2 Page Geometry

(/usr/share/texmf-texlive/tex/generic/oberdiek/ifpdf.sty
Package: ifpdf 2009/04/10 v2.0 Provides the ifpdf switch (HO)
Package ifpdf Info: pdfTeX in pdf mode not detected.
)
(/usr/share/texmf-texlive/tex/generic/oberdiek/ifvtex.sty
Package: ifvtex 2008/11/04 v1.4 Switches for detecting VTeX and its modes (HO)
Package ifvtex Info: VTeX not detected.
)
\Gm@cnth=\count96
\Gm@cntv=\count97
\c@Gm@tempcnt=\count98
\Gm@bindingoffset=\dimen107
\Gm@wd@mp=\dimen108
\Gm@odd@mp=\dimen109
\Gm@even@mp=\dimen110
\Gm@dimlist=\toks16

(/usr/share/texmf-texlive/tex/xelatex/xetexconfig/geometry.cfg))
(/usr/share/texmf-texlive/tex/latex/graphics/graphicx.sty
Package: graphicx 1999/02/16 v1.0f Enhanced LaTeX Graphics (DPC,SPQR)

(/usr/share/texmf-texlive/tex/latex/graphics/graphics.sty
Package: graphics 2009/02/05 v1.0o Standard LaTeX Graphics (DPC,SPQR)

(/usr/share/texmf-texlive/tex/latex/graphics/trig.sty
Package: trig 1999/03/16 v1.09 sin cos tan (DPC)
)
(/etc/texmf/tex/latex/config/graphics.cfg
File: graphics.cfg 2009/08/28 v1.8 graphics configuration of TeX Live
)
Package graphics Info: Driver file: dvips.def on input line 91.

(/usr/share/texmf-texlive/tex/latex/graphics/dvips.def
File: dvips.def 1999/02/16 v3.0i Driver-dependant file (DPC,SPQR)
))
\Gin@req@height=\dimen111
\Gin@req@width=\dimen112
)
(/usr/share/texmf-texlive/tex/latex/float/float.sty
Package: float 2001/11/08 v1.3d Float enhancements (AL)
\c@float@type=\count99
\float@exts=\toks17
\float@box=\box28
\@float@everytoks=\toks18
\@floatcapt=\box29
)
(/usr/share/texmf-texlive/tex/latex/tools/indentfirst.sty
Package: indentfirst 1995/11/23 v1.03 Indent first paragraph (DPC)
)
(/usr/share/texmf-texlive/tex/latex/natbib/natbib.sty
Package: natbib 2009/07/16 8.31 (PWD, AO)
\bibhang=\skip43
\bibsep=\skip44
LaTeX Info: Redefining \cite on input line 694.
\c@NAT@ctr=\count100
)
(/usr/share/texmf-texlive/tex/latex/listings/lstlang1.sty
File: lstlang1.sty 2004/09/05 1.3 listings language file
)
(/usr/share/texmf-texlive/tex/latex/listings/lstlang1.sty
File: lstlang1.sty 2004/09/05 1.3 listings language file
)
(/usr/share/texmf-texlive/tex/latex/listings/lstmisc.sty
File: lstmisc.sty 2007/02/22 1.4 (Carsten Heinz)
) (./manual.aux)
\openout1 = `manual.aux'.

LaTeX Font Info:    Checking defaults for OML/cmm/m/it on input line 34.
LaTeX Font Info:    ... okay on input line 34.
LaTeX Font Info:    Checking defaults for T1/cmr/m/n on input line 34.
LaTeX Font Info:    ... okay on input line 34.
LaTeX Font Info:    Checking defaults for OT1/cmr/m/n on input line 34.
LaTeX Font Info:    ... okay on input line 34.
LaTeX Font Info:    Checking defaults for OMS/cmsy/m/n on input line 34.
LaTeX Font Info:    ... okay on input line 34.
LaTeX Font Info:    Checking defaults for OMX/cmex/m/n on input line 34.
LaTeX Font Info:    ... okay on input line 34.
LaTeX Font Info:    Checking defaults for U/cmr/m/n on input line 34.
LaTeX Font Info:    ... okay on input line 34.
LaTeX Font Info:    Try loading font information for T1+fvm on input line 34.

(/usr/share/texmf-texlive/tex/latex/bera/t1fvm.fd
File: t1fvm.fd 2004/09/07 scalable font definitions for T1/fvm.
)
LaTeX Font Info:    Font shape `T1/fvm/m/n' will be
(Font)              scaled to size 8.99994pt on input line 34.
\c@lstlisting=\count101

*geometry auto-detecting driver*
*geometry detected driver: dvips*
-------------------- Geometry parameters
paper: letterpaper
landscape: --
twocolumn: --
twoside: --
asymmetric: --
h-parts: 72.26999pt, 469.75502pt, 72.26999pt
v-parts: 72.26999pt, 650.43001pt, 72.26999pt
hmarginratio: --
vmarginratio: --
lines: --
heightrounded: --
bindingoffset: 0.0pt
truedimen: --
includehead: --
includefoot: --
includemp: --
driver: dvips
-------------------- Page layout dimensions and switches
\paperwidth  614.295pt
\paperheight 794.96999pt
\textwidth  469.75502pt
\textheight 650.43001pt
\oddsidemargin  0.0pt
\evensidemargin 0.0pt
\topmargin  -37.0pt
\headheight 12.0pt
\headsep    25.0pt
\footskip   30.0pt
\marginparwidth 65.0pt
\marginparsep   11.0pt
\columnsep  10.0pt
\skip\footins  9.0pt plus 4.0pt minus 2.0pt
\hoffset 0.0pt
\voffset 0.0pt
\mag 1000

(1in=72.27pt, 1cm=28.45pt)
-----------------------
LaTeX Font Info:    Font shape `T1/fvm/m/n' will be
(Font)              scaled to size 15.55188pt on input line 36.
LaTeX Font Info:    Font shape `T1/fvm/m/n' will be
(Font)              scaled to size 10.79993pt on input line 36.
LaTeX Font Info:    External font `cmex10' loaded for size
(Font)              <12> on input line 36.
LaTeX Font Info:    External font `cmex10' loaded for size
(Font)              <8> on input line 36.
LaTeX Font Info:    External font `cmex10' loaded for size
(Font)              <6> on input line 36.
[1

]
LaTeX Font Info:    Font shape `T1/fvm/m/n' will be
(Font)              scaled to size 22.39185pt on input line 37.
LaTeX Font Info:    Font shape `T1/fvm/bx/n' in size <24.88> not available
(Font)              Font shape `T1/fvm/b/n' tried instead on input line 37.
LaTeX Font Info:    Font shape `T1/fvm/b/n' will be
(Font)              scaled to size 22.39185pt on input line 37.
 (./manual.toc
LaTeX Font Info:    Font shape `T1/fvm/bx/n' in size <10> not available
(Font)              Font shape `T1/fvm/b/n' tried instead on input line 1.
LaTeX Font Info:    Font shape `T1/fvm/b/n' will be
(Font)              scaled to size 8.99994pt on input line 1.
LaTeX Font Info:    External font `cmex10' loaded for size
(Font)              <7> on input line 2.
LaTeX Font Info:    External font `cmex10' loaded for size
(Font)              <5> on input line 2.
)
\tf@toc=\write3
\openout3 = `manual.toc'.

 [1

]
Chapter 1.
LaTeX Font Info:    Font shape `T1/fvm/m/n' will be
(Font)              scaled to size 18.66588pt on input line 38.
LaTeX Font Info:    Font shape `T1/fvm/bx/n' in size <20.74> not available
(Font)              Font shape `T1/fvm/b/n' tried instead on input line 38.
LaTeX Font Info:    Font shape `T1/fvm/b/n' will be
(Font)              scaled to size 18.66588pt on input line 38.
LaTeX Font Info:    Font shape `T1/fvm/m/n' will be
(Font)              scaled to size 12.9599pt on input line 41.
LaTeX Font Info:    Font shape `T1/fvm/bx/n' in size <14.4> not available
(Font)              Font shape `T1/fvm/b/n' tried instead on input line 41.
LaTeX Font Info:    Font shape `T1/fvm/b/n' will be
(Font)              scaled to size 12.9599pt on input line 41.

Overfull \hbox (16.60693pt too wide) in paragraph at lines 43--48
[]\T1/fvm/m/n/10 The Arduino currently lacks a means of obtaining true random n
umbers. One pre-existing
 []


Overfull \hbox (1.60693pt too wide) in paragraph at lines 43--48
\T1/fvm/m/n/10 library exists, TrueRandom, but a review of the performance and 
code base confirms that
 []


Overfull \hbox (17.8608pt too wide) in paragraph at lines 43--48
\T1/fvm/m/n/10 the TrueRandom library does not make use of a truly random entro
py source (the unconnected
 []


Overfull \hbox (28.6967pt too wide) in paragraph at lines 43--48
\T1/fvm/m/n/10 analog pin) Kristinsson [2011] which is further biased by method
s which introduce additional
 []


Overfull \hbox (28.6967pt too wide) in paragraph at lines 43--48
\T1/fvm/m/n/10 biases into the results which it does return. When using the Ard
uino's pseudo-random number
 []


Overfull \hbox (50.36852pt too wide) in paragraph at lines 43--48
\T1/fvm/m/n/10 generator, random(), will produce a predictable sequence of numb
ers unless some random mechanism
 []


Overfull \hbox (1.60693pt too wide) in paragraph at lines 43--48
\T1/fvm/m/n/10 is used to seed it. The manual recommends using the results from
 an unconnected analog
 []


Overfull \hbox (28.6967pt too wide) in paragraph at lines 43--48
\T1/fvm/m/n/10 pin; however, there is ample evidence that this mechanism does n
ot introduce much randomness
 []


Overfull \hbox (22.02489pt too wide) in paragraph at lines 49--53
[]\T1/fvm/m/n/10 The purpose of this library is to provide a mechanism to produ
ce a series of true random
 []


Overfull \hbox (1.60693pt too wide) in paragraph at lines 49--53
\T1/fvm/m/n/10 numbers based upon the entropy associated with the jitter of the
 AVR's watch dog timer,
 []


Overfull \hbox (50.36852pt too wide) in paragraph at lines 49--53
\T1/fvm/m/n/10 and the standard Timer 1. Pedersen [2006] Since this mechanism p
roduces entropy at a relatively
 []


Overfull \hbox (28.6967pt too wide) in paragraph at lines 49--53
\T1/fvm/m/n/10 slow rate (approximately 8 bytes per second) its best use is as 
a seed value to the internal
 []


Overfull \hbox (7.02489pt too wide) in paragraph at lines 49--53
\T1/fvm/m/n/10 pseudo-random number generator or for those demands that do not 
require large numbers of
 []


Overfull \hbox (28.6967pt too wide) in paragraph at lines 49--53
\T1/fvm/m/n/10 random numbers, such as generating cryptographically secure pass
words. Hlavac et al. [2010] 
 []


Overfull \hbox (32.8608pt too wide) in paragraph at lines 54--57
[]\T1/fvm/m/n/10 Preliminary testing indicates that this mechanism produces cry
ptographically secure random
 []


Overfull \hbox (17.8608pt too wide) in paragraph at lines 54--57
\T1/fvm/m/n/10 numbers, but the mechanism is subject to potential biases introd
uced by alterations to the
 []


Overfull \hbox (28.6967pt too wide) in paragraph at lines 54--57
\T1/fvm/m/n/10 host environment. Prior to deploying this library it is suggeste
d that the end-user perform
 []


Overfull \hbox (1.60693pt too wide) in paragraph at lines 54--57
\T1/fvm/m/n/10 any testing required to establish that the specific implementati
on will meet the user's
 []


Overfull \hbox (32.8608pt too wide) in paragraph at lines 60--64
[]\T1/fvm/m/n/10 The underlying mechanism that the library uses to generate tru
e random numbers were tested
 []


Overfull \hbox (44.95056pt too wide) in paragraph at lines 60--64
\T1/fvm/m/n/10 on a number of different arduino devices; leonardo, uno, uno (sm
d), and the mega (R3). Details
 []


Overfull \hbox (12.44284pt too wide) in paragraph at lines 60--64
\T1/fvm/m/n/10 of this preliminary testing is available Multiple [2012] which w
as also the source of the
 []


Overfull \hbox (1.60693pt too wide) in paragraph at lines 60--64
\T1/fvm/m/n/10 idea for the mechanism used by this library. The early tests per
formed on this library
 []


Overfull \hbox (12.44284pt too wide) in paragraph at lines 60--64
\T1/fvm/m/n/10 used methods published by John Walker. Walker [2011] The raw dat
a used in the testing of
 []


Overfull \hbox (158.72758pt too wide) in paragraph at lines 60--64
\T1/fvm/m/n/10 the mechanism is available from http://http://code.google.com/p/
avr-hardware-random-number-generation/downloads/list 
 []

[1

]
Chapter 2.

Overfull \hbox (11.18898pt too wide) in paragraph at lines 69--71
[]\T1/fvm/m/n/10 The library directory should be placed in your libraries sub-f
older where your Arduino
 []


Overfull \hbox (17.8608pt too wide) in paragraph at lines 69--71
\T1/fvm/m/n/10 IDE is configured to keep your sketches. When you first place th
is library, you will need
 []


Overfull \hbox (0.35307pt too wide) in paragraph at lines 72--74
[]\T1/fvm/m/n/10 To use the library, you will need to include the libraries hea
der file, Entropy.h in
 []


Overfull \hbox (23.27875pt too wide) in paragraph at lines 72--74
\T1/fvm/m/n/10 your sketch. Prior to calling any of the entropy retrieval metho
ds, you need to initialize
 []


Overfull \hbox (11.18898pt too wide) in paragraph at lines 75--78
[]\T1/fvm/m/n/10 The library only produces uniformly distributed integers (byte
s, ints, and longs). If
 []


Overfull \hbox (44.95056pt too wide) in paragraph at lines 75--78
\T1/fvm/m/n/10 other distributions are needed it is recommended that the user c
onsult an appropriate reference
 []


Overfull \hbox (7.02489pt too wide) in paragraph at lines 75--78
\T1/fvm/m/n/10 Matloff [2006] on generating different distributions. One of the
 examples provided with
 []


Overfull \hbox (7.02489pt too wide) in paragraph at lines 75--78
\T1/fvm/m/n/10 the library demonstrates how to convert the random long integer 
returned by this library
 []


Overfull \hbox (0.35307pt too wide) in paragraph at lines 81--84
[]\T1/fvm/m/n/10 This method configures the AVR's watch dog timer and set-ups t
he internal structures
 []


Overfull \hbox (23.27875pt too wide) in paragraph at lines 81--84
\T1/fvm/m/n/10 nescessary to convert the hardware timer's jitter into an unbias
ed stream of entropy. This
 []


Overfull \hbox (23.27875pt too wide) in paragraph at lines 81--84
\T1/fvm/m/n/10 method should only be called once, in the setup function of your
 sketch. After this method
 []


Overfull \hbox (7.02489pt too wide) in paragraph at lines 81--84
\T1/fvm/m/n/10 is executed, it will take the Arduino approximately five hunder 
milli-seconds before the
 []


Overfull \hbox (32.8608pt too wide) in paragraph at lines 85--87
[]\T1/fvm/m/n/10 For this reason, the call to the initialize method should occu
r fairly early in the set-up
 []


Overfull \hbox (1.60693pt too wide) in paragraph at lines 85--87
\T1/fvm/m/n/10 function, allowing ample time to perform other set-up activities
, before requesting any
 []

LaTeX Font Info:    Font shape `T1/fvm/bx/n' in size <12> not available
(Font)              Font shape `T1/fvm/b/n' tried instead on input line 88.
LaTeX Font Info:    Font shape `T1/fvm/b/n' will be
(Font)              scaled to size 10.79993pt on input line 88.
(./initialize_example.ino)
Overfull \hbox (11.18898pt too wide) in paragraph at lines 92--95
[]\T1/fvm/m/n/10 This method returns an unsigned char value that represents the
 number of unsigned long
 []


Overfull \hbox (17.8608pt too wide) in paragraph at lines 92--95
\T1/fvm/m/n/10 integers in the entropy pool. Since the entropy retrieval method
s (random) will block any
 []


Overfull \hbox (28.6967pt too wide) in paragraph at lines 92--95
\T1/fvm/m/n/10 further program execution until at least one value exists in the
 entropy pool, this function
 []

[2

] (./available_example.ino)
Overfull \hbox (22.02489pt too wide) in paragraph at lines 100--104
[]\T1/fvm/m/n/10 The random method is the mechanism to retrieve the generated e
ntropy. It comes in three
 []


Overfull \hbox (7.02489pt too wide) in paragraph at lines 100--104
\T1/fvm/m/n/10 flavors, of which, this one returns a single unsigned long (32-b
it) integer value in the
 []


Overfull \hbox (28.6967pt too wide) in paragraph at lines 100--104
\T1/fvm/m/n/10 range of 0 to 0xFFFFFFFF. Since this method will prevent any fur
ther program execution until
 []


Overfull \hbox (23.27875pt too wide) in paragraph at lines 100--104
\T1/fvm/m/n/10 a value is available to return, it can take up to a maximum of 5
00 milliseconds to execute.
 []


Overfull \hbox (44.95056pt too wide) in paragraph at lines 100--104
\T1/fvm/m/n/10 If the delay is not desirable, the available method can be used 
to test if entropy is available
 []


Overfull \hbox (12.44284pt too wide) in paragraph at lines 100--104
\T1/fvm/m/n/10 prior to calling this method. If desired the returned value can 
be cast from unsigned to
 []


Overfull \hbox (5.77103pt too wide) in paragraph at lines 105--106
[]\T1/fvm/m/n/10 The library does not produce floating point random values but 
if those are wanted, it
 []


Overfull \hbox (7.02489pt too wide) in paragraph at lines 105--106
\T1/fvm/m/n/10 is a simple matter to use the value returned by this method to p
roduce a random floating
 []

(./available_example.ino)
Overfull \hbox (22.02489pt too wide) in paragraph at lines 111--115
[]\T1/fvm/m/n/10 The random method is the mechanism to retrieve the generated e
ntropy. It comes in three
 []


Overfull \hbox (7.02489pt too wide) in paragraph at lines 111--115
\T1/fvm/m/n/10 flavors, of which, this one returns a single unsigned long (32-b
it) integer value in the
 []


Overfull \hbox (23.27875pt too wide) in paragraph at lines 111--115
\T1/fvm/m/n/10 range of [0,max). Note that the returned value will always be le
ss than max. The returned
 []


Overfull \hbox (1.60693pt too wide) in paragraph at lines 111--115
\T1/fvm/m/n/10 value can be cast to any integer type that will contain the resu
lt. In other words, if
 []


Overfull \hbox (17.8608pt too wide) in paragraph at lines 111--115
\T1/fvm/m/n/10 max is 256 or less the returned value can be stored in a char va
riable or an unsigned char
 []


Overfull \hbox (23.27875pt too wide) in paragraph at lines 111--115
\T1/fvm/m/n/10 variable, depending upon whether negative values are required. S
imiliarly, if max is 65536
 []


Overfull \hbox (1.60693pt too wide) in paragraph at lines 111--115
\T1/fvm/m/n/10 or less the returned value can be stored in a int or unsigned in
t, again depending upon
 []

[3]
Overfull \hbox (16.60693pt too wide) in paragraph at lines 116--122
[]\T1/fvm/m/n/10 Like the previous implementation of this method described, thi
s method will prevent any
 []


Overfull \hbox (50.36852pt too wide) in paragraph at lines 116--122
\T1/fvm/m/n/10 further program execution until a value is available to return. 
This method behaves differently
 []


Overfull \hbox (1.60693pt too wide) in paragraph at lines 116--122
\T1/fvm/m/n/10 from the previous if max is less than 256 or max is less than 65
536. In the first case
 []


Overfull \hbox (7.02489pt too wide) in paragraph at lines 116--122
\T1/fvm/m/n/10 the 32-bit unsigned integer in the entropy pool is broken into f
our byte sized integers.
 []


Overfull \hbox (7.02489pt too wide) in paragraph at lines 116--122
\T1/fvm/m/n/10 Consequently four byte sized values are returned for every 32-bi
t integer in the entropy
 []


Overfull \hbox (28.6967pt too wide) in paragraph at lines 116--122
\T1/fvm/m/n/10 pool. In a similar way, values less than 65536 but greater than 
or equal to 256 will return
 []


Overfull \hbox (34.11465pt too wide) in paragraph at lines 116--122
\T1/fvm/m/n/10 two 16-bit integer values for every 32-bit integer in the entrop
y pool. Note that the latter
 []


Overfull \hbox (61.20442pt too wide) in paragraph at lines 116--122
\T1/fvm/m/n/10 means that the method will need to use two bytes of the entropy 
to provide a uniformly distributed
 []


Overfull \hbox (66.62238pt too wide) in paragraph at lines 116--122
\T1/fvm/m/n/10 random byte (max = 256). This is nescessary to allow the functio
n to maintain uniform distribution
 []


Overfull \hbox (17.8608pt too wide) in paragraph at lines 116--122
\T1/fvm/m/n/10 of returned values for other values of max... More detail is ava
ilable as comments in the
 []

(./random_max_example.ino
LaTeX Font Info:    Font shape `T1/fvm/m/it' in size <10> not available
(Font)              Font shape `T1/fvm/m/sl' tried instead on input line 10.
LaTeX Font Info:    Font shape `T1/fvm/m/sl' will be
(Font)              scaled to size 8.99994pt on input line 10.
)
Overfull \hbox (22.02489pt too wide) in paragraph at lines 127--131
[]\T1/fvm/m/n/10 The random method is the mechanism to retrieve the generated e
ntropy. It comes in three
 []


Overfull \hbox (7.02489pt too wide) in paragraph at lines 127--131
\T1/fvm/m/n/10 flavors, of which, this one returns a single unsigned long (32-b
it) integer value in the
 []


Overfull \hbox (12.44284pt too wide) in paragraph at lines 127--131
\T1/fvm/m/n/10 range of [min,max). Note that the returned value will always be 
greater than or equal to
 []


Overfull \hbox (28.6967pt too wide) in paragraph at lines 127--131
\T1/fvm/m/n/10 min and less than max. The returned value can be cast to any int
eger type that will contain
 []


Overfull \hbox (7.02489pt too wide) in paragraph at lines 127--131
\T1/fvm/m/n/10 the result. In other words, if max is 256 or less the returned v
alue can be stored in a
 []


Overfull \hbox (50.36852pt too wide) in paragraph at lines 127--131
\T1/fvm/m/n/10 char variable or an unsigned char variable, depending upon wheth
er negative values are required.
 []


Overfull \hbox (12.44284pt too wide) in paragraph at lines 127--131
\T1/fvm/m/n/10 Similiarly, if max is 65536 or less the returned value can be st
ored in a int or unsigned
 []

[4]
Overfull \hbox (16.60693pt too wide) in paragraph at lines 132--136
[]\T1/fvm/m/n/10 This function is useful for simulating the role of dice, or th
e drawing of cards, etc..
 []


Overfull \hbox (1.60693pt too wide) in paragraph at lines 132--136
\T1/fvm/m/n/10 Like the previous implementation of this method described, this 
method will prevent any
 []


Overfull \hbox (50.36852pt too wide) in paragraph at lines 132--136
\T1/fvm/m/n/10 further program execution until a value is available to return. 
This method behaves differently
 []


Overfull \hbox (7.02489pt too wide) in paragraph at lines 132--136
\T1/fvm/m/n/10 from the previous if (max-min) is less than 256 or (max-min) is 
less than 65536. In the
 []


Overfull \hbox (12.44284pt too wide) in paragraph at lines 132--136
\T1/fvm/m/n/10 first case the 32-bit unsigned integer in the entropy pool is br
oken into four byte sized
 []


Overfull \hbox (1.60693pt too wide) in paragraph at lines 132--136
\T1/fvm/m/n/10 integers. Consequently four byte sized values are returned for e
very 32-bit integer in
 []


Overfull \hbox (1.60693pt too wide) in paragraph at lines 132--136
\T1/fvm/m/n/10 the entropy pool. In a similar way, value differences less than 
65536 but greater than
 []


Overfull \hbox (34.11465pt too wide) in paragraph at lines 132--136
\T1/fvm/m/n/10 or equal to 256 will return two 16-bit integer values for every 
32-bit integer in the entropy
 []


Overfull \hbox (0.35307pt too wide) in paragraph at lines 139--142
[]\T1/fvm/m/n/10 This method is included to overcome the efficiency problem men
tioned when attempting
 []


Overfull \hbox (7.02489pt too wide) in paragraph at lines 139--142
\T1/fvm/m/n/10 to retrieve a full byte of entropy using the random(256) method.
 Since that method will
 []


Overfull \hbox (12.44284pt too wide) in paragraph at lines 139--142
\T1/fvm/m/n/10 need to consume two full bytes from the entropy stream to return
 a single byte of entropy
 []


Overfull \hbox (12.44284pt too wide) in paragraph at lines 139--142
\T1/fvm/m/n/10 this method was included for the special case, where a single co
mplete byte of entropy is
 []


Overfull \hbox (34.11465pt too wide) in paragraph at lines 139--142
\T1/fvm/m/n/10 needed at a time. This allows four such bytes to be returned fro
m each entropy value, rather
 []


Overfull \hbox (7.02489pt too wide) in paragraph at lines 139--142
\T1/fvm/m/n/10 than two. In all other ways it behaves in a manner consistent wi
th the random() method. 
 []


Overfull \hbox (0.35307pt too wide) in paragraph at lines 145--148
[]\T1/fvm/m/n/10 This method is included to overcome the efficiency problem men
tioned when attempting
 []


Overfull \hbox (17.8608pt too wide) in paragraph at lines 145--148
\T1/fvm/m/n/10 to retrieve a full word (16-bit integer) of entropy using the ra
ndom(65536) method. Since
 []


Overfull \hbox (34.11465pt too wide) in paragraph at lines 145--148
\T1/fvm/m/n/10 that method will need to consume four bytes from the entropy str
eam to return only two bytes,
 []


Overfull \hbox (28.6967pt too wide) in paragraph at lines 145--148
\T1/fvm/m/n/10 this method was included for the special case where a single int
eger is needed. This allows
 []


Overfull \hbox (1.60693pt too wide) in paragraph at lines 145--148
\T1/fvm/m/n/10 two such integers to be returned from each entropy value, rather
 than only one. In all
 []

(./random_minmax_example.ino) [5]
Chapter 3.
(../Entropy.h [6

]) (../Entropy.cpp [7]
Overfull \hbox (16.2458pt too wide) in paragraph at lines 35--36
[][][][][][][][][][][][][][][][][][][][][][][][][][][] 
 []


Overfull \hbox (27.04582pt too wide) in paragraph at lines 36--37
[][][][][][][][][][][][][][][][][][][][][][][][][][][][][][][][][][][][][][][] 

 []


Overfull \hbox (16.2458pt too wide) in paragraph at lines 37--38
[][][][][][][][][][][][][][][][][][][][][][][][][][][][][][][][][][][][][][] 
 []


Overfull \hbox (10.8458pt too wide) in paragraph at lines 45--46
[][][][][][][][][][][][][][][][][][][][][][][][] 
 []


Overfull \hbox (27.04582pt too wide) in paragraph at lines 46--47
[][][][][][][][][][][][][][][][][][][][][][][][][][][][][][][][][][][][] 
 []


Overfull \hbox (37.84584pt too wide) in paragraph at lines 48--49
[][][][][][][][][][][][][][][][][][][][][][][][][][][][][][][][][][][][][][] 
 []


Overfull \hbox (5.44579pt too wide) in paragraph at lines 75--76
[][][][][][][][][][][][][][][][][][][][][][][][][][][][][][][][][] 
 []


Overfull \hbox (21.64581pt too wide) in paragraph at lines 76--77
[][][][][][][][][][][][][][][][][][][][][][][][][][][][][][][][][][][][] 
 []


Overfull \hbox (5.44579pt too wide) in paragraph at lines 77--78
[][][][][][][][][][][][][][][][][][][][][][][][][][][][][][][][][][][][] 
 []


Overfull \hbox (10.8458pt too wide) in paragraph at lines 78--79
[][][][][][][][][][][][][][][][][][][][][][][][][][][][][][][][][][][] 
 []

[8]
Overfull \hbox (5.44579pt too wide) in paragraph at lines 93--94
[][][][][][][][][][][][][][][][][][][][][][][][][][][][][][][][][] 
 []


Overfull \hbox (10.8458pt too wide) in paragraph at lines 96--97
[][][][][][][][][][][][][][][][][][][][][][][][][][][][][][][][][][][] 
 []


Overfull \hbox (16.2458pt too wide) in paragraph at lines 131--132
[][][][][][][][][][][][][][][][][][][][][][][][][][][][][][][][][][][][][] 
 []

[9]
Overfull \hbox (37.84584pt too wide) in paragraph at lines 137--138
[][][][][][][][][][][][][][][][][][][][][][][][][][][][][][][][][][][][][][][] 

 []


Overfull \hbox (27.04582pt too wide) in paragraph at lines 138--139
[][][][][][][][][][][][][][][][][][][][][][][][][][][][] 
 []


Overfull \hbox (5.44579pt too wide) in paragraph at lines 170--171
[][][][][][][][][][][][][][][][][][][][][][][][][][][][][][][][][] 
 []


Overfull \hbox (37.84584pt too wide) in paragraph at lines 184--185
[][][][][][][][][][][][][][][][][][][][][][][][][][][][][][][][][][] 
 []


Overfull \hbox (16.2458pt too wide) in paragraph at lines 185--186
[][][][][][][][][][][][][][][][][][][][][][][] 
 []

[10]
Overfull \hbox (10.8458pt too wide) in paragraph at lines 193--194
[][][][][][][][][][][][][][][][][][][][][] 
 []


Overfull \hbox (21.64581pt too wide) in paragraph at lines 211--212
[][][][][][][][][][][][][][][][][][][][][][][][][][][][][][][][][][][][][] 
 []

) (../keywords.txt [11]) (../gpl.txt [12] [13] [14] [15] [16] [17] [18]
[19] [20] [21] [22] [23]) (./manual.bbl [24]
Underfull \hbox (badness 2126) in paragraph at lines 9--13
[]\T1/fvm/m/n/10 Josef Hlavac, Robert Lorencz, and Martin Hadacek.  True random
 number generation on an
 []


Underfull \hbox (badness 10000) in paragraph at lines 9--13
\T1/fvm/m/n/10 atmelavr microcontrolle.  \T1/fvm/m/sl/10 2010 2nd International
 Conference on Computer Engineering
 []


Underfull \hbox (badness 10000) in paragraph at lines 15--21
[]\T1/fvm/m/n/10 Benedikt Kristinsson.  Ardrand: The arduino as a hardware rand
om number generator,
 []


Overfull \hbox (309.95187pt too wide) in paragraph at lines 15--21
\T1/fvm/m/n/10 December 2011.  URL http://reykjavik.academia.edu/BenediktKristi
nsson/Papers/1225216/Ardrand_The_Arduino_as_a_Hardware_Random-Number_Generator.
 
 []


Overfull \hbox (132.3577pt too wide) in paragraph at lines 23--27
[]\T1/fvm/m/n/10 Norm Matloff.  Random number generation, 2006.  URL http://hea
ther.cs.ucdavis.edu/[]matloff/156/PLN/RandNumGen.pdf. 
 []


Overfull \hbox (132.3577pt too wide) in paragraph at lines 29--32
[]\T1/fvm/m/n/10 Multiple.  Random numbers and random seeds, May 2012.  URL htt
p://arduino.cc/forum/index.php/topic,77695.30.html. 
 []


Underfull \hbox (badness 10000) in paragraph at lines 34--38
[]\T1/fvm/m/n/10 Kasper Pedersen.  Entropy gathering for cryptographic applicat
ions in avr -
 []

) [25

] (./manual.aux) ) 
Here is how much of TeX's memory you used:
 4529 strings out of 493849
 58117 string characters out of 1152846
 183877 words of memory out of 3000000
 7766 multiletter control sequences out of 15000+50000
 11008 words of font info for 36 fonts, out of 3000000 for 9000
 714 hyphenation exceptions out of 8191
 33i,6n,58p,225b,1444s stack positions out of 5000i,500n,10000p,200000b,50000s

Output written on manual.dvi (27 pages, 180324 bytes).
